<?xml version="1.0" encoding="UTF-8"?>
<coverage generated="1602290185817" clover="3.2.0">
  <project timestamp="1602290185817" name="All files">
    <metrics statements="21" coveredstatements="21" conditionals="0" coveredconditionals="0" methods="9" coveredmethods="9" elements="30" coveredelements="30" complexity="0" loc="21" ncloc="21" packages="1" files="4" classes="4"/>
    <file name="Key.ts" path="/Users/brunodias/projects/raidden-core/src/Core/Key.ts">
      <metrics statements="4" coveredstatements="4" conditionals="0" coveredconditionals="0" methods="2" coveredmethods="2"/>
      <line num="1" count="1" type="stmt"/>
      <line num="3" count="1" type="stmt"/>
      <line num="7" count="4" type="stmt"/>
      <line num="9" count="1" type="stmt"/>
    </file>
    <file name="KeyChain.ts" path="/Users/brunodias/projects/raidden-core/src/Core/KeyChain.ts">
      <metrics statements="9" coveredstatements="9" conditionals="0" coveredconditionals="0" methods="4" coveredmethods="4"/>
      <line num="4" count="1" type="stmt"/>
      <line num="9" count="1" type="stmt"/>
      <line num="10" count="1" type="stmt"/>
      <line num="11" count="2" type="stmt"/>
      <line num="12" count="2" type="stmt"/>
      <line num="14" count="2" type="stmt"/>
      <line num="18" count="1" type="stmt"/>
      <line num="19" count="1" type="stmt"/>
      <line num="21" count="1" type="stmt"/>
    </file>
    <file name="PadLock.ts" path="/Users/brunodias/projects/raidden-core/src/Core/PadLock.ts">
      <metrics statements="5" coveredstatements="5" conditionals="0" coveredconditionals="0" methods="3" coveredmethods="3"/>
      <line num="3" count="1" type="stmt"/>
      <line num="7" count="1" type="stmt"/>
      <line num="10" count="1" type="stmt"/>
      <line num="11" count="3" type="stmt"/>
      <line num="13" count="1" type="stmt"/>
    </file>
    <file name="index.ts" path="/Users/brunodias/projects/raidden-core/src/Core/index.ts">
      <metrics statements="3" coveredstatements="3" conditionals="0" coveredconditionals="0" methods="0" coveredmethods="0"/>
      <line num="1" count="1" type="stmt"/>
      <line num="2" count="1" type="stmt"/>
      <line num="3" count="1" type="stmt"/>
    </file>
  </project>
</coverage>
