{"/Users/brunodias/projects/raidden-core/src/Core/Key.ts": {"path":"/Users/brunodias/projects/raidden-core/src/Core/Key.ts","statementMap":{"0":{"start":{"line":1,"column":0},"end":{"line":1,"column":30}},"1":{"start":{"line":3,"column":0},"end":{"line":3,"column":13}},"2":{"start":{"line":7,"column":4},"end":{"line":7,"column":46}},"3":{"start":{"line":9,"column":0},"end":{"line":9,"column":null}},"4":{"start":{"line":3,"column":13},"end":{"line":3,"column":16}}},"fnMap":{"0":{"name":"(anonymous_1)","decl":{"start":{"line":3,"column":0},"end":{"line":3,"column":13}},"loc":{"start":{"line":3,"column":0},"end":{"line":9,"column":null}}},"1":{"name":"Key","decl":{"start":{"line":6,"column":2},"end":{"line":6,"column":14}},"loc":{"start":{"line":6,"column":28},"end":{"line":8,"column":3}}}},"branchMap":{},"s":{"0":1,"1":1,"2":4,"3":1,"4":1},"f":{"0":1,"1":4},"b":{}}
,"/Users/brunodias/projects/raidden-core/src/Core/KeyChain.ts": {"path":"/Users/brunodias/projects/raidden-core/src/Core/KeyChain.ts","statementMap":{"0":{"start":{"line":4,"column":0},"end":{"line":4,"column":13}},"1":{"start":{"line":9,"column":4},"end":{"line":9,"column":22}},"2":{"start":{"line":10,"column":4},"end":{"line":15,"column":11}},"3":{"start":{"line":11,"column":38},"end":{"line":11,"column":40}},"4":{"start":{"line":12,"column":6},"end":{"line":12,"column":33}},"5":{"start":{"line":14,"column":6},"end":{"line":14,"column":35}},"6":{"start":{"line":18,"column":2},"end":{"line":20,"column":null}},"7":{"start":{"line":19,"column":4},"end":{"line":19,"column":24}},"8":{"start":{"line":21,"column":0},"end":{"line":21,"column":null}},"9":{"start":{"line":4,"column":13},"end":{"line":4,"column":21}}},"fnMap":{"0":{"name":"(anonymous_2)","decl":{"start":{"line":4,"column":0},"end":{"line":4,"column":13}},"loc":{"start":{"line":4,"column":0},"end":{"line":21,"column":null}}},"1":{"name":"KeyChain","decl":{"start":{"line":8,"column":2},"end":{"line":8,"column":14}},"loc":{"start":{"line":8,"column":25},"end":{"line":16,"column":3}}},"2":{"name":"(anonymous_4)","decl":{"start":{"line":10,"column":37},"end":{"line":10,"column":38}},"loc":{"start":{"line":10,"column":47},"end":{"line":15,"column":5}}},"3":{"name":"(anonymous_5)","decl":{"start":{"line":18,"column":2},"end":{"line":18,"column":6}},"loc":{"start":{"line":18,"column":2},"end":{"line":20,"column":3}}}},"branchMap":{},"s":{"0":1,"1":1,"2":1,"3":2,"4":2,"5":2,"6":1,"7":1,"8":1,"9":1},"f":{"0":1,"1":1,"2":2,"3":1},"b":{}}
,"/Users/brunodias/projects/raidden-core/src/Core/PadLock.ts": {"path":"/Users/brunodias/projects/raidden-core/src/Core/PadLock.ts","statementMap":{"0":{"start":{"line":3,"column":0},"end":{"line":3,"column":13}},"1":{"start":{"line":7,"column":4},"end":{"line":7,"column":36}},"2":{"start":{"line":10,"column":2},"end":{"line":12,"column":null}},"3":{"start":{"line":11,"column":4},"end":{"line":11,"column":37}},"4":{"start":{"line":13,"column":0},"end":{"line":13,"column":null}},"5":{"start":{"line":3,"column":13},"end":{"line":3,"column":20}}},"fnMap":{"0":{"name":"(anonymous_0)","decl":{"start":{"line":3,"column":0},"end":{"line":3,"column":13}},"loc":{"start":{"line":3,"column":0},"end":{"line":13,"column":null}}},"1":{"name":"PadLock","decl":{"start":{"line":6,"column":2},"end":{"line":6,"column":14}},"loc":{"start":{"line":6,"column":33},"end":{"line":8,"column":3}}},"2":{"name":"(anonymous_2)","decl":{"start":{"line":10,"column":2},"end":{"line":10,"column":11}},"loc":{"start":{"line":10,"column":21},"end":{"line":12,"column":3}}}},"branchMap":{},"s":{"0":1,"1":1,"2":1,"3":3,"4":1,"5":1},"f":{"0":1,"1":1,"2":3},"b":{}}
,"/Users/brunodias/projects/raidden-core/src/Core/index.ts": {"path":"/Users/brunodias/projects/raidden-core/src/Core/index.ts","statementMap":{"0":{"start":{"line":1,"column":0},"end":{"line":1,"column":22}},"1":{"start":{"line":2,"column":0},"end":{"line":2,"column":27}},"2":{"start":{"line":3,"column":0},"end":{"line":3,"column":26}}},"fnMap":{},"branchMap":{},"s":{"0":1,"1":1,"2":1},"f":{},"b":{}}
}
