TN:
SF:src/Core/Key.ts
FN:3,(anonymous_1)
FN:6,Key
FNF:2
FNH:2
FNDA:1,(anonymous_1)
FNDA:4,Key
DA:1,1
DA:3,1
DA:7,4
DA:9,1
LF:4
LH:4
BRF:0
BRH:0
end_of_record
TN:
SF:src/Core/KeyChain.ts
FN:4,(anonymous_2)
FN:8,KeyChain
FN:10,(anonymous_4)
FN:18,(anonymous_5)
FNF:4
FNH:4
FNDA:1,(anonymous_2)
FNDA:1,KeyChain
FNDA:2,(anonymous_4)
FNDA:1,(anonymous_5)
DA:4,1
DA:9,1
DA:10,1
DA:11,2
DA:12,2
DA:14,2
DA:18,1
DA:19,1
DA:21,1
LF:9
LH:9
BRF:0
BRH:0
end_of_record
TN:
SF:src/Core/PadLock.ts
FN:3,(anonymous_0)
FN:6,PadLock
FN:10,(anonymous_2)
FNF:3
FNH:3
FNDA:1,(anonymous_0)
FNDA:1,PadLock
FNDA:3,(anonymous_2)
DA:3,1
DA:7,1
DA:10,1
DA:11,3
DA:13,1
LF:5
LH:5
BRF:0
BRH:0
end_of_record
TN:
SF:src/Core/index.ts
FNF:0
FNH:0
DA:1,1
DA:2,1
DA:3,1
LF:3
LH:3
BRF:0
BRH:0
end_of_record
